[   81701ms] [ERROR] Failed to load resource: the server responded with a status of 500 (Internal Server Error) @ http://localhost:3000/api/me:0
[  131121ms] [WARNING] 视频自动播放失败: NotSupportedError: The element has no supported sources. @ http://localhost:3000/_next/static/chunks/node_modules_next_dist_7a8122d0._.js:2287
[  131121ms] [WARNING] 视频自动播放失败: NotSupportedError: The element has no supported sources. @ http://localhost:3000/_next/static/chunks/node_modules_next_dist_7a8122d0._.js:2287
[  132180ms] [ERROR] Access to video at 'https://guangzhougamead.oss-cn-guangzhou.aliyuncs.com/assets/1763472391201-fac0c7b431a4c4c6.mp4' from origin 'http://localhost:3000' has been blocked by CORS policy: No 'Access-Control-Allow-Origin' header is present on the requested resource. @ http://localhost:3000/materials/1b5d7cda-6e2e-476b-a570-f4b8b1d2c8d4:0
[  132180ms] [ERROR] Failed to load resource: net::ERR_FAILED @ https://guangzhougamead.oss-cn-guangzhou.aliyuncs.com/assets/1763472391201-fac0c7b431a4c4c6.mp4:0
[  132180ms] [WARNING] 提取视频帧失败: Error: 视频加载失败
    at MediaGallery.useEffect.extractFrames.handleError (http://localhost:3000/_next/static/chunks/_ffea6621._.js:2358:52)
    at MediaGallery.useEffect.extractFrames (http://localhost:3000/_next/static/chunks/_ffea6621._.js:2364:81) @ http://localhost:3000/_next/static/chunks/node_modules_next_dist_7a8122d0._.js:2287
[  132181ms] [WARNING] 视频自动播放失败: NotSupportedError: The element has no supported sources. @ http://localhost:3000/_next/static/chunks/node_modules_next_dist_7a8122d0._.js:2287
[  133206ms] [ERROR] Access to video at 'https://guangzhougamead.oss-cn-guangzhou.aliyuncs.com/assets/1763472391201-fac0c7b431a4c4c6.mp4' from origin 'http://localhost:3000' has been blocked by CORS policy: No 'Access-Control-Allow-Origin' header is present on the requested resource. @ http://localhost:3000/materials/1b5d7cda-6e2e-476b-a570-f4b8b1d2c8d4:0
[  133206ms] [ERROR] Failed to load resource: net::ERR_FAILED @ https://guangzhougamead.oss-cn-guangzhou.aliyuncs.com/assets/1763472391201-fac0c7b431a4c4c6.mp4:0
[  133207ms] [WARNING] 提取视频帧失败: Error: 视频加载失败
    at MediaGallery.useEffect.extractFrames.handleError (http://localhost:3000/_next/static/chunks/_ffea6621._.js:2358:52)
    at MediaGallery.useEffect.extractFrames (http://localhost:3000/_next/static/chunks/_ffea6621._.js:2364:81) @ http://localhost:3000/_next/static/chunks/node_modules_next_dist_7a8122d0._.js:2287
[  133208ms] [WARNING] 视频自动播放失败: NotSupportedError: The element has no supported sources. @ http://localhost:3000/_next/static/chunks/node_modules_next_dist_7a8122d0._.js:2287
[  134226ms] [ERROR] Access to video at 'https://guangzhougamead.oss-cn-guangzhou.aliyuncs.com/assets/1763472391201-fac0c7b431a4c4c6.mp4' from origin 'http://localhost:3000' has been blocked by CORS policy: No 'Access-Control-Allow-Origin' header is present on the requested resource. @ http://localhost:3000/materials/1b5d7cda-6e2e-476b-a570-f4b8b1d2c8d4:0
[  134227ms] [ERROR] Failed to load resource: net::ERR_FAILED @ https://guangzhougamead.oss-cn-guangzhou.aliyuncs.com/assets/1763472391201-fac0c7b431a4c4c6.mp4:0
[  134227ms] [WARNING] 提取视频帧失败: Error: 视频加载失败
    at MediaGallery.useEffect.extractFrames.handleError (http://localhost:3000/_next/static/chunks/_ffea6621._.js:2358:52)
    at MediaGallery.useEffect.extractFrames (http://localhost:3000/_next/static/chunks/_ffea6621._.js:2364:81) @ http://localhost:3000/_next/static/chunks/node_modules_next_dist_7a8122d0._.js:2287
[  134228ms] [WARNING] 视频自动播放失败: NotSupportedError: The element has no supported sources. @ http://localhost:3000/_next/static/chunks/node_modules_next_dist_7a8122d0._.js:2287
[  135244ms] [ERROR] Access to video at 'https://guangzhougamead.oss-cn-guangzhou.aliyuncs.com/assets/1763472391201-fac0c7b431a4c4c6.mp4' from origin 'http://localhost:3000' has been blocked by CORS policy: No 'Access-Control-Allow-Origin' header is present on the requested resource. @ http://localhost:3000/materials/1b5d7cda-6e2e-476b-a570-f4b8b1d2c8d4:0
[  135244ms] [ERROR] Failed to load resource: net::ERR_FAILED @ https://guangzhougamead.oss-cn-guangzhou.aliyuncs.com/assets/1763472391201-fac0c7b431a4c4c6.mp4:0
[  135244ms] [WARNING] 提取视频帧失败: Error: 视频加载失败
    at MediaGallery.useEffect.extractFrames.handleError (http://localhost:3000/_next/static/chunks/_ffea6621._.js:2358:52)
    at MediaGallery.useEffect.extractFrames (http://localhost:3000/_next/static/chunks/_ffea6621._.js:2364:81) @ http://localhost:3000/_next/static/chunks/node_modules_next_dist_7a8122d0._.js:2287
[  135245ms] [WARNING] 视频自动播放失败: NotSupportedError: The element has no supported sources. @ http://localhost:3000/_next/static/chunks/node_modules_next_dist_7a8122d0._.js:2287
[  136261ms] [ERROR] Access to video at 'https://guangzhougamead.oss-cn-guangzhou.aliyuncs.com/assets/1763472391201-fac0c7b431a4c4c6.mp4' from origin 'http://localhost:3000' has been blocked by CORS policy: No 'Access-Control-Allow-Origin' header is present on the requested resource. @ http://localhost:3000/materials/1b5d7cda-6e2e-476b-a570-f4b8b1d2c8d4:0
[  136261ms] [ERROR] Failed to load resource: net::ERR_FAILED @ https://guangzhougamead.oss-cn-guangzhou.aliyuncs.com/assets/1763472391201-fac0c7b431a4c4c6.mp4:0
[  136261ms] [WARNING] 提取视频帧失败: Error: 视频加载失败
    at MediaGallery.useEffect.extractFrames.handleError (http://localhost:3000/_next/static/chunks/_ffea6621._.js:2358:52)
    at MediaGallery.useEffect.extractFrames (http://localhost:3000/_next/static/chunks/_ffea6621._.js:2364:81) @ http://localhost:3000/_next/static/chunks/node_modules_next_dist_7a8122d0._.js:2287
[  136262ms] [WARNING] 视频自动播放失败: NotSupportedError: The element has no supported sources. @ http://localhost:3000/_next/static/chunks/node_modules_next_dist_7a8122d0._.js:2287
[  137283ms] [ERROR] Access to video at 'https://guangzhougamead.oss-cn-guangzhou.aliyuncs.com/assets/1763472391201-fac0c7b431a4c4c6.mp4' from origin 'http://localhost:3000' has been blocked by CORS policy: No 'Access-Control-Allow-Origin' header is present on the requested resource. @ http://localhost:3000/materials/1b5d7cda-6e2e-476b-a570-f4b8b1d2c8d4:0
[  137283ms] [ERROR] Failed to load resource: net::ERR_FAILED @ https://guangzhougamead.oss-cn-guangzhou.aliyuncs.com/assets/1763472391201-fac0c7b431a4c4c6.mp4:0
[  137283ms] [WARNING] 提取视频帧失败: Error: 视频加载失败
    at MediaGallery.useEffect.extractFrames.handleError (http://localhost:3000/_next/static/chunks/_ffea6621._.js:2358:52)
    at MediaGallery.useEffect.extractFrames (http://localhost:3000/_next/static/chunks/_ffea6621._.js:2364:81) @ http://localhost:3000/_next/static/chunks/node_modules_next_dist_7a8122d0._.js:2287
[  137285ms] [WARNING] 视频自动播放失败: NotSupportedError: The element has no supported sources. @ http://localhost:3000/_next/static/chunks/node_modules_next_dist_7a8122d0._.js:2287
[  138300ms] [ERROR] Access to video at 'https://guangzhougamead.oss-cn-guangzhou.aliyuncs.com/assets/1763472391201-fac0c7b431a4c4c6.mp4' from origin 'http://localhost:3000' has been blocked by CORS policy: No 'Access-Control-Allow-Origin' header is present on the requested resource. @ http://localhost:3000/materials/1b5d7cda-6e2e-476b-a570-f4b8b1d2c8d4:0
[  138300ms] [ERROR] Failed to load resource: net::ERR_FAILED @ https://guangzhougamead.oss-cn-guangzhou.aliyuncs.com/assets/1763472391201-fac0c7b431a4c4c6.mp4:0
[  138301ms] [WARNING] 提取视频帧失败: Error: 视频加载失败
    at MediaGallery.useEffect.extractFrames.handleError (http://localhost:3000/_next/static/chunks/_ffea6621._.js:2358:52)
    at MediaGallery.useEffect.extractFrames (http://localhost:3000/_next/static/chunks/_ffea6621._.js:2364:81) @ http://localhost:3000/_next/static/chunks/node_modules_next_dist_7a8122d0._.js:2287
[  138302ms] [WARNING] 视频自动播放失败: NotSupportedError: The element has no supported sources. @ http://localhost:3000/_next/static/chunks/node_modules_next_dist_7a8122d0._.js:2287
[  139316ms] [ERROR] Access to video at 'https://guangzhougamead.oss-cn-guangzhou.aliyuncs.com/assets/1763472391201-fac0c7b431a4c4c6.mp4' from origin 'http://localhost:3000' has been blocked by CORS policy: No 'Access-Control-Allow-Origin' header is present on the requested resource. @ http://localhost:3000/materials/1b5d7cda-6e2e-476b-a570-f4b8b1d2c8d4:0
[  139316ms] [ERROR] Failed to load resource: net::ERR_FAILED @ https://guangzhougamead.oss-cn-guangzhou.aliyuncs.com/assets/1763472391201-fac0c7b431a4c4c6.mp4:0
[  139316ms] [WARNING] 提取视频帧失败: Error: 视频加载失败
    at MediaGallery.useEffect.extractFrames.handleError (http://localhost:3000/_next/static/chunks/_ffea6621._.js:2358:52)
    at MediaGallery.useEffect.extractFrames (http://localhost:3000/_next/static/chunks/_ffea6621._.js:2364:81) @ http://localhost:3000/_next/static/chunks/node_modules_next_dist_7a8122d0._.js:2287
[  139317ms] [WARNING] 视频自动播放失败: NotSupportedError: The element has no supported sources. @ http://localhost:3000/_next/static/chunks/node_modules_next_dist_7a8122d0._.js:2287
[  140356ms] [ERROR] Access to video at 'https://guangzhougamead.oss-cn-guangzhou.aliyuncs.com/assets/1763472391201-fac0c7b431a4c4c6.mp4' from origin 'http://localhost:3000' has been blocked by CORS policy: No 'Access-Control-Allow-Origin' header is present on the requested resource. @ http://localhost:3000/materials/1b5d7cda-6e2e-476b-a570-f4b8b1d2c8d4:0
[  140356ms] [ERROR] Failed to load resource: net::ERR_FAILED @ https://guangzhougamead.oss-cn-guangzhou.aliyuncs.com/assets/1763472391201-fac0c7b431a4c4c6.mp4:0
[  140356ms] [WARNING] 提取视频帧失败: Error: 视频加载失败
    at MediaGallery.useEffect.extractFrames.handleError (http://localhost:3000/_next/static/chunks/_ffea6621._.js:2358:52)
    at MediaGallery.useEffect.extractFrames (http://localhost:3000/_next/static/chunks/_ffea6621._.js:2364:81) @ http://localhost:3000/_next/static/chunks/node_modules_next_dist_7a8122d0._.js:2287
[  140358ms] [WARNING] 视频自动播放失败: NotSupportedError: The element has no supported sources. @ http://localhost:3000/_next/static/chunks/node_modules_next_dist_7a8122d0._.js:2287
[  141404ms] [ERROR] Access to video at 'https://guangzhougamead.oss-cn-guangzhou.aliyuncs.com/assets/1763472391201-fac0c7b431a4c4c6.mp4' from origin 'http://localhost:3000' has been blocked by CORS policy: No 'Access-Control-Allow-Origin' header is present on the requested resource. @ http://localhost:3000/materials/1b5d7cda-6e2e-476b-a570-f4b8b1d2c8d4:0
[  141405ms] [ERROR] Failed to load resource: net::ERR_FAILED @ https://guangzhougamead.oss-cn-guangzhou.aliyuncs.com/assets/1763472391201-fac0c7b431a4c4c6.mp4:0
[  141405ms] [WARNING] 提取视频帧失败: Error: 视频加载失败
    at MediaGallery.useEffect.extractFrames.handleError (http://localhost:3000/_next/static/chunks/_ffea6621._.js:2358:52)
    at MediaGallery.useEffect.extractFrames (http://localhost:3000/_next/static/chunks/_ffea6621._.js:2364:81) @ http://localhost:3000/_next/static/chunks/node_modules_next_dist_7a8122d0._.js:2287
[  141407ms] [WARNING] 视频自动播放失败: NotSupportedError: The element has no supported sources. @ http://localhost:3000/_next/static/chunks/node_modules_next_dist_7a8122d0._.js:2287
[  142461ms] [ERROR] Access to video at 'https://guangzhougamead.oss-cn-guangzhou.aliyuncs.com/assets/1763472391201-fac0c7b431a4c4c6.mp4' from origin 'http://localhost:3000' has been blocked by CORS policy: No 'Access-Control-Allow-Origin' header is present on the requested resource. @ http://localhost:3000/materials/1b5d7cda-6e2e-476b-a570-f4b8b1d2c8d4:0
[  142461ms] [ERROR] Failed to load resource: net::ERR_FAILED @ https://guangzhougamead.oss-cn-guangzhou.aliyuncs.com/assets/1763472391201-fac0c7b431a4c4c6.mp4:0
[  142461ms] [WARNING] 提取视频帧失败: Error: 视频加载失败
    at MediaGallery.useEffect.extractFrames.handleError (http://localhost:3000/_next/static/chunks/_ffea6621._.js:2358:52)
    at MediaGallery.useEffect.extractFrames (http://localhost:3000/_next/static/chunks/_ffea6621._.js:2364:81) @ http://localhost:3000/_next/static/chunks/node_modules_next_dist_7a8122d0._.js:2287
[  142462ms] [WARNING] 视频自动播放失败: NotSupportedError: The element has no supported sources. @ http://localhost:3000/_next/static/chunks/node_modules_next_dist_7a8122d0._.js:2287
[  143502ms] [ERROR] Access to video at 'https://guangzhougamead.oss-cn-guangzhou.aliyuncs.com/assets/1763472391201-fac0c7b431a4c4c6.mp4' from origin 'http://localhost:3000' has been blocked by CORS policy: No 'Access-Control-Allow-Origin' header is present on the requested resource. @ http://localhost:3000/materials/1b5d7cda-6e2e-476b-a570-f4b8b1d2c8d4:0
[  143503ms] [ERROR] Failed to load resource: net::ERR_FAILED @ https://guangzhougamead.oss-cn-guangzhou.aliyuncs.com/assets/1763472391201-fac0c7b431a4c4c6.mp4:0
[  143503ms] [WARNING] 提取视频帧失败: Error: 视频加载失败
    at MediaGallery.useEffect.extractFrames.handleError (http://localhost:3000/_next/static/chunks/_ffea6621._.js:2358:52)
    at MediaGallery.useEffect.extractFrames (http://localhost:3000/_next/static/chunks/_ffea6621._.js:2364:81) @ http://localhost:3000/_next/static/chunks/node_modules_next_dist_7a8122d0._.js:2287
[  143504ms] [WARNING] 视频自动播放失败: NotSupportedError: The element has no supported sources. @ http://localhost:3000/_next/static/chunks/node_modules_next_dist_7a8122d0._.js:2287
[  144557ms] [ERROR] Access to video at 'https://guangzhougamead.oss-cn-guangzhou.aliyuncs.com/assets/1763472391201-fac0c7b431a4c4c6.mp4' from origin 'http://localhost:3000' has been blocked by CORS policy: No 'Access-Control-Allow-Origin' header is present on the requested resource. @ http://localhost:3000/materials/1b5d7cda-6e2e-476b-a570-f4b8b1d2c8d4:0
[  144557ms] [ERROR] Failed to load resource: net::ERR_FAILED @ https://guangzhougamead.oss-cn-guangzhou.aliyuncs.com/assets/1763472391201-fac0c7b431a4c4c6.mp4:0
[  144557ms] [WARNING] 提取视频帧失败: Error: 视频加载失败
    at MediaGallery.useEffect.extractFrames.handleError (http://localhost:3000/_next/static/chunks/_ffea6621._.js:2358:52)
    at MediaGallery.useEffect.extractFrames (http://localhost:3000/_next/static/chunks/_ffea6621._.js:2364:81) @ http://localhost:3000/_next/static/chunks/node_modules_next_dist_7a8122d0._.js:2287
[  144558ms] [WARNING] 视频自动播放失败: NotSupportedError: The element has no supported sources. @ http://localhost:3000/_next/static/chunks/node_modules_next_dist_7a8122d0._.js:2287
[  145598ms] [ERROR] Access to video at 'https://guangzhougamead.oss-cn-guangzhou.aliyuncs.com/assets/1763472391201-fac0c7b431a4c4c6.mp4' from origin 'http://localhost:3000' has been blocked by CORS policy: No 'Access-Control-Allow-Origin' header is present on the requested resource. @ http://localhost:3000/materials/1b5d7cda-6e2e-476b-a570-f4b8b1d2c8d4:0
[  145598ms] [ERROR] Failed to load resource: net::ERR_FAILED @ https://guangzhougamead.oss-cn-guangzhou.aliyuncs.com/assets/1763472391201-fac0c7b431a4c4c6.mp4:0
[  145598ms] [WARNING] 提取视频帧失败: Error: 视频加载失败
    at MediaGallery.useEffect.extractFrames.handleError (http://localhost:3000/_next/static/chunks/_ffea6621._.js:2358:52)
    at MediaGallery.useEffect.extractFrames (http://localhost:3000/_next/static/chunks/_ffea6621._.js:2364:81) @ http://localhost:3000/_next/static/chunks/node_modules_next_dist_7a8122d0._.js:2287
[  145600ms] [WARNING] 视频自动播放失败: NotSupportedError: The element has no supported sources. @ http://localhost:3000/_next/static/chunks/node_modules_next_dist_7a8122d0._.js:2287
[  146646ms] [ERROR] Access to video at 'https://guangzhougamead.oss-cn-guangzhou.aliyuncs.com/assets/1763472391201-fac0c7b431a4c4c6.mp4' from origin 'http://localhost:3000' has been blocked by CORS policy: No 'Access-Control-Allow-Origin' header is present on the requested resource. @ http://localhost:3000/materials/1b5d7cda-6e2e-476b-a570-f4b8b1d2c8d4:0
[  146646ms] [ERROR] Failed to load resource: net::ERR_FAILED @ https://guangzhougamead.oss-cn-guangzhou.aliyuncs.com/assets/1763472391201-fac0c7b431a4c4c6.mp4:0
[  146646ms] [WARNING] 提取视频帧失败: Error: 视频加载失败
    at MediaGallery.useEffect.extractFrames.handleError (http://localhost:3000/_next/static/chunks/_ffea6621._.js:2358:52)
    at MediaGallery.useEffect.extractFrames (http://localhost:3000/_next/static/chunks/_ffea6621._.js:2364:81) @ http://localhost:3000/_next/static/chunks/node_modules_next_dist_7a8122d0._.js:2287
[  146648ms] [WARNING] 视频自动播放失败: NotSupportedError: The element has no supported sources. @ http://localhost:3000/_next/static/chunks/node_modules_next_dist_7a8122d0._.js:2287
[  147694ms] [ERROR] Access to video at 'https://guangzhougamead.oss-cn-guangzhou.aliyuncs.com/assets/1763472391201-fac0c7b431a4c4c6.mp4' from origin 'http://localhost:3000' has been blocked by CORS policy: No 'Access-Control-Allow-Origin' header is present on the requested resource. @ http://localhost:3000/materials/1b5d7cda-6e2e-476b-a570-f4b8b1d2c8d4:0
[  147695ms] [ERROR] Failed to load resource: net::ERR_FAILED @ https://guangzhougamead.oss-cn-guangzhou.aliyuncs.com/assets/1763472391201-fac0c7b431a4c4c6.mp4:0
[  147695ms] [WARNING] 提取视频帧失败: Error: 视频加载失败
    at MediaGallery.useEffect.extractFrames.handleError (http://localhost:3000/_next/static/chunks/_ffea6621._.js:2358:52)
    at MediaGallery.useEffect.extractFrames (http://localhost:3000/_next/static/chunks/_ffea6621._.js:2364:81) @ http://localhost:3000/_next/static/chunks/node_modules_next_dist_7a8122d0._.js:2287
[  147695ms] [WARNING] 视频自动播放失败: NotSupportedError: The element has no supported sources. @ http://localhost:3000/_next/static/chunks/node_modules_next_dist_7a8122d0._.js:2287
[  148744ms] [ERROR] Access to video at 'https://guangzhougamead.oss-cn-guangzhou.aliyuncs.com/assets/1763472391201-fac0c7b431a4c4c6.mp4' from origin 'http://localhost:3000' has been blocked by CORS policy: No 'Access-Control-Allow-Origin' header is present on the requested resource. @ http://localhost:3000/materials/1b5d7cda-6e2e-476b-a570-f4b8b1d2c8d4:0
[  148744ms] [ERROR] Failed to load resource: net::ERR_FAILED @ https://guangzhougamead.oss-cn-guangzhou.aliyuncs.com/assets/1763472391201-fac0c7b431a4c4c6.mp4:0
[  148745ms] [WARNING] 提取视频帧失败: Error: 视频加载失败
    at MediaGallery.useEffect.extractFrames.handleError (http://localhost:3000/_next/static/chunks/_ffea6621._.js:2358:52)
    at MediaGallery.useEffect.extractFrames (http://localhost:3000/_next/static/chunks/_ffea6621._.js:2364:81) @ http://localhost:3000/_next/static/chunks/node_modules_next_dist_7a8122d0._.js:2287
[  148746ms] [WARNING] 视频自动播放失败: NotSupportedError: The element has no supported sources. @ http://localhost:3000/_next/static/chunks/node_modules_next_dist_7a8122d0._.js:2287
[  149811ms] [ERROR] Access to video at 'https://guangzhougamead.oss-cn-guangzhou.aliyuncs.com/assets/1763472391201-fac0c7b431a4c4c6.mp4' from origin 'http://localhost:3000' has been blocked by CORS policy: No 'Access-Control-Allow-Origin' header is present on the requested resource. @ http://localhost:3000/materials/1b5d7cda-6e2e-476b-a570-f4b8b1d2c8d4:0
[  149811ms] [ERROR] Failed to load resource: net::ERR_FAILED @ https://guangzhougamead.oss-cn-guangzhou.aliyuncs.com/assets/1763472391201-fac0c7b431a4c4c6.mp4:0
[  149811ms] [WARNING] 提取视频帧失败: Error: 视频加载失败
    at MediaGallery.useEffect.extractFrames.handleError (http://localhost:3000/_next/static/chunks/_ffea6621._.js:2358:52)
    at MediaGallery.useEffect.extractFrames (http://localhost:3000/_next/static/chunks/_ffea6621._.js:2364:81) @ http://localhost:3000/_next/static/chunks/node_modules_next_dist_7a8122d0._.js:2287
[  149812ms] [WARNING] 视频自动播放失败: NotSupportedError: The element has no supported sources. @ http://localhost:3000/_next/static/chunks/node_modules_next_dist_7a8122d0._.js:2287
[  150849ms] [ERROR] Access to video at 'https://guangzhougamead.oss-cn-guangzhou.aliyuncs.com/assets/1763472391201-fac0c7b431a4c4c6.mp4' from origin 'http://localhost:3000' has been blocked by CORS policy: No 'Access-Control-Allow-Origin' header is present on the requested resource. @ http://localhost:3000/materials/1b5d7cda-6e2e-476b-a570-f4b8b1d2c8d4:0
[  150849ms] [ERROR] Failed to load resource: net::ERR_FAILED @ https://guangzhougamead.oss-cn-guangzhou.aliyuncs.com/assets/1763472391201-fac0c7b431a4c4c6.mp4:0
[  150849ms] [WARNING] 提取视频帧失败: Error: 视频加载失败
    at MediaGallery.useEffect.extractFrames.handleError (http://localhost:3000/_next/static/chunks/_ffea6621._.js:2358:52)
    at MediaGallery.useEffect.extractFrames (http://localhost:3000/_next/static/chunks/_ffea6621._.js:2364:81) @ http://localhost:3000/_next/static/chunks/node_modules_next_dist_7a8122d0._.js:2287
[  150850ms] [WARNING] 视频自动播放失败: NotSupportedError: The element has no supported sources. @ http://localhost:3000/_next/static/chunks/node_modules_next_dist_7a8122d0._.js:2287
[  151890ms] [ERROR] Access to video at 'https://guangzhougamead.oss-cn-guangzhou.aliyuncs.com/assets/1763472391201-fac0c7b431a4c4c6.mp4' from origin 'http://localhost:3000' has been blocked by CORS policy: No 'Access-Control-Allow-Origin' header is present on the requested resource. @ http://localhost:3000/materials/1b5d7cda-6e2e-476b-a570-f4b8b1d2c8d4:0
[  151890ms] [ERROR] Failed to load resource: net::ERR_FAILED @ https://guangzhougamead.oss-cn-guangzhou.aliyuncs.com/assets/1763472391201-fac0c7b431a4c4c6.mp4:0
[  151890ms] [WARNING] 提取视频帧失败: Error: 视频加载失败
    at MediaGallery.useEffect.extractFrames.handleError (http://localhost:3000/_next/static/chunks/_ffea6621._.js:2358:52)
    at MediaGallery.useEffect.extractFrames (http://localhost:3000/_next/static/chunks/_ffea6621._.js:2364:81) @ http://localhost:3000/_next/static/chunks/node_modules_next_dist_7a8122d0._.js:2287
[  151891ms] [WARNING] 视频自动播放失败: NotSupportedError: The element has no supported sources. @ http://localhost:3000/_next/static/chunks/node_modules_next_dist_7a8122d0._.js:2287
[  152939ms] [ERROR] Access to video at 'https://guangzhougamead.oss-cn-guangzhou.aliyuncs.com/assets/1763472391201-fac0c7b431a4c4c6.mp4' from origin 'http://localhost:3000' has been blocked by CORS policy: No 'Access-Control-Allow-Origin' header is present on the requested resource. @ http://localhost:3000/materials/1b5d7cda-6e2e-476b-a570-f4b8b1d2c8d4:0
[  152939ms] [ERROR] Failed to load resource: net::ERR_FAILED @ https://guangzhougamead.oss-cn-guangzhou.aliyuncs.com/assets/1763472391201-fac0c7b431a4c4c6.mp4:0
[  152939ms] [WARNING] 提取视频帧失败: Error: 视频加载失败
    at MediaGallery.useEffect.extractFrames.handleError (http://localhost:3000/_next/static/chunks/_ffea6621._.js:2358:52)
    at MediaGallery.useEffect.extractFrames (http://localhost:3000/_next/static/chunks/_ffea6621._.js:2364:81) @ http://localhost:3000/_next/static/chunks/node_modules_next_dist_7a8122d0._.js:2287
[  152940ms] [WARNING] 视频自动播放失败: NotSupportedError: The element has no supported sources. @ http://localhost:3000/_next/static/chunks/node_modules_next_dist_7a8122d0._.js:2287
