[GET] https://guangzhougamead.oss-cn-guangzhou.aliyuncs.com/assets/1769695199911-30694cdfe06321ed.mp4 => [206] Partial Content
[GET] https://guangzhougamead.oss-cn-guangzhou.aliyuncs.com/assets/1763470703877-877dcd122bda63de.mp4 => [206] Partial Content
[GET] https://guangzhougamead.oss-cn-guangzhou.aliyuncs.com/assets/1769695019900-3f235c7fbecf9cea.mp4 => [206] Partial Content
[GET] https://guangzhougamead.oss-cn-guangzhou.aliyuncs.com/assets/1769695199911-30694cdfe06321ed.mp4 => [206] Partial Content
[GET] https://guangzhougamead.oss-cn-guangzhou.aliyuncs.com/assets/1763470703877-877dcd122bda63de.mp4 => [206] Partial Content
[GET] http://localhost:3001/api/auth/session => [200] OK
[GET] https://guangzhougamead.oss-cn-guangzhou.aliyuncs.com/assets/1769695019900-3f235c7fbecf9cea.mp4 => [206] Partial Content
[GET] https://guangzhougamead.oss-cn-guangzhou.aliyuncs.com/assets/1769695019900-3f235c7fbecf9cea.mp4 => [206] Partial Content
[GET] https://guangzhougamead.oss-cn-guangzhou.aliyuncs.com/assets/1769695199911-30694cdfe06321ed.mp4 => [206] Partial Content
[GET] https://guangzhougamead.oss-cn-guangzhou.aliyuncs.com/assets/1763470703877-877dcd122bda63de.mp4 => [206] Partial Content
[GET] http://localhost:3001/api/auth/session => [200] OK
[GET] https://guangzhougamead.oss-cn-guangzhou.aliyuncs.com/assets/1769695019900-3f235c7fbecf9cea.mp4 => [206] Partial Content
[GET] https://guangzhougamead.oss-cn-guangzhou.aliyuncs.com/assets/1763470703877-877dcd122bda63de.mp4 => [206] Partial Content
[GET] http://localhost:3001/api/auth/providers => [200] OK
[GET] http://localhost:3001/api/auth/csrf => [200] OK
[POST] http://localhost:3001/api/auth/callback/credentials? => [200] OK
[GET] http://localhost:3001/api/auth/session => [200] OK
[GET] https://guangzhougamead.oss-cn-guangzhou.aliyuncs.com/assets/1769695199911-30694cdfe06321ed.mp4 => [206] Partial Content
[GET] http://localhost:3001/api/auth/session => [200] OK
[GET] http://localhost:3001/api/teams => [200] OK
[GET] http://localhost:3001/api/auth/session => [200] OK
[GET] http://localhost:3001/api/teams => [200] OK
[GET] http://localhost:3001/materials?project=%E9%A1%B9%E7%9B%AEA&_rsc=13kax => [200] OK
[GET] http://localhost:3001/materials?project=%E9%A1%B9%E7%9B%AEA&_rsc=13kax => [200] OK
[GET] https://guangzhougamead.oss-cn-guangzhou.aliyuncs.com/assets/1763472391201-fac0c7b431a4c4c6.mp4 => [206] Partial Content
[GET] https://guangzhougamead.oss-cn-guangzhou.aliyuncs.com/assets/1763472348377-1229d2804f076e87.mp4 => [206] Partial Content
[GET] https://guangzhougamead.oss-cn-guangzhou.aliyuncs.com/assets/1763471780308-fb552789f7224c44.mp4 => [206] Partial Content
[GET] https://guangzhougamead.oss-cn-guangzhou.aliyuncs.com/assets/1763471767605-15697d3fbf8a92c9.mp4 => [206] Partial Content
[GET] https://guangzhougamead.oss-cn-guangzhou.aliyuncs.com/assets/1763471758092-f7486765f62cebf0.mp4 => [206] Partial Content
[GET] https://guangzhougamead.oss-cn-guangzhou.aliyuncs.com/assets/1763470719731-91d011c60508651e.mp4 => [206] Partial Content
[GET] https://guangzhougamead.oss-cn-guangzhou.aliyuncs.com/assets/1763470703877-877dcd122bda63de.mp4 => [206] Partial Content
[GET] https://guangzhougamead.oss-cn-guangzhou.aliyuncs.com/assets/1763470694013-467ae880cd73184e.mp4 => [206] Partial Content
[GET] https://guangzhougamead.oss-cn-guangzhou.aliyuncs.com/assets/1763470686784-5b6417d54292e686.mp4 => [206] Partial Content
[GET] https://guangzhougamead.oss-cn-guangzhou.aliyuncs.com/assets/1763470673283-8c7dff25f386d3ab.mp4 => [206] Partial Content
[GET] https://guangzhougamead.oss-cn-guangzhou.aliyuncs.com/assets/1769695248068-e63542fa31a16826.mp4 => [206] Partial Content
[GET] https://guangzhougamead.oss-cn-guangzhou.aliyuncs.com/assets/1769695245001-3065df883655c9ec.mp4 => [206] Partial Content
[GET] https://guangzhougamead.oss-cn-guangzhou.aliyuncs.com/assets/1769695240725-869307943e8dfe8c.mp4 => [206] Partial Content
[GET] https://guangzhougamead.oss-cn-guangzhou.aliyuncs.com/assets/1769695236573-b5c92f6554fd4f32.mp4 => [206] Partial Content
[GET] https://guangzhougamead.oss-cn-guangzhou.aliyuncs.com/assets/1769695233916-5b765dae0182994b.mp4 => [206] Partial Content
[GET] https://guangzhougamead.oss-cn-guangzhou.aliyuncs.com/assets/1769695229473-7453542c905d5269.mp4 => [206] Partial Content
[GET] https://guangzhougamead.oss-cn-guangzhou.aliyuncs.com/assets/1769695227253-67c1d3baed57866b.mp4 => [206] Partial Content
[GET] https://guangzhougamead.oss-cn-guangzhou.aliyuncs.com/assets/1769695223932-7dbe92e38ef12036.mp4 => [206] Partial Content
[GET] https://guangzhougamead.oss-cn-guangzhou.aliyuncs.com/assets/1769695219288-78b8f84bbba95a09.mp4 => [206] Partial Content
[GET] https://guangzhougamead.oss-cn-guangzhou.aliyuncs.com/assets/1769695215615-4d7dbc9d85570044.mp4 => [206] Partial Content
[GET] https://guangzhougamead.oss-cn-guangzhou.aliyuncs.com/assets/1763472391201-fac0c7b431a4c4c6.mp4 => [206] Partial Content
[GET] https://guangzhougamead.oss-cn-guangzhou.aliyuncs.com/assets/1763472391201-fac0c7b431a4c4c6.mp4 => [206] Partial Content
[GET] https://guangzhougamead.oss-cn-guangzhou.aliyuncs.com/assets/1763471780308-fb552789f7224c44.mp4 => [206] Partial Content
[GET] https://guangzhougamead.oss-cn-guangzhou.aliyuncs.com/assets/1763470719731-91d011c60508651e.mp4 => [206] Partial Content
[GET] https://guangzhougamead.oss-cn-guangzhou.aliyuncs.com/assets/1763471758092-f7486765f62cebf0.mp4 => [206] Partial Content
[GET] https://guangzhougamead.oss-cn-guangzhou.aliyuncs.com/assets/1763471758092-f7486765f62cebf0.mp4 => [206] Partial Content
[GET] https://guangzhougamead.oss-cn-guangzhou.aliyuncs.com/assets/1763471767605-15697d3fbf8a92c9.mp4 => [206] Partial Content
[GET] https://guangzhougamead.oss-cn-guangzhou.aliyuncs.com/assets/1763472348377-1229d2804f076e87.mp4 => [206] Partial Content
[GET] https://guangzhougamead.oss-cn-guangzhou.aliyuncs.com/assets/1763470694013-467ae880cd73184e.mp4 => [206] Partial Content
[GET] https://guangzhougamead.oss-cn-guangzhou.aliyuncs.com/assets/1763470694013-467ae880cd73184e.mp4 => [206] Partial Content
[GET] https://guangzhougamead.oss-cn-guangzhou.aliyuncs.com/assets/1763470686784-5b6417d54292e686.mp4 => [206] Partial Content
[GET] https://guangzhougamead.oss-cn-guangzhou.aliyuncs.com/assets/1769695248068-e63542fa31a16826.mp4 => [206] Partial Content
[GET] https://guangzhougamead.oss-cn-guangzhou.aliyuncs.com/assets/1769695245001-3065df883655c9ec.mp4 => [206] Partial Content
[GET] https://guangzhougamead.oss-cn-guangzhou.aliyuncs.com/assets/1769695240725-869307943e8dfe8c.mp4 => [206] Partial Content
[GET] https://guangzhougamead.oss-cn-guangzhou.aliyuncs.com/assets/1769695240725-869307943e8dfe8c.mp4 => [206] Partial Content
[GET] https://guangzhougamead.oss-cn-guangzhou.aliyuncs.com/assets/1769695233916-5b765dae0182994b.mp4 => [206] Partial Content
[GET] https://guangzhougamead.oss-cn-guangzhou.aliyuncs.com/assets/1769695233916-5b765dae0182994b.mp4 => [206] Partial Content
[GET] https://guangzhougamead.oss-cn-guangzhou.aliyuncs.com/assets/1763470703877-877dcd122bda63de.mp4 => [206] Partial Content
[GET] https://guangzhougamead.oss-cn-guangzhou.aliyuncs.com/assets/1769695229473-7453542c905d5269.mp4 => [206] Partial Content
[GET] https://guangzhougamead.oss-cn-guangzhou.aliyuncs.com/assets/1769695229473-7453542c905d5269.mp4 => [206] Partial Content
[GET] http://localhost:3001/materials?project=%E9%A1%B9%E7%9B%AEA&_rsc=13kax => [200] OK
[GET] http://localhost:3001/materials?project=%E9%A1%B9%E7%9B%AEA&_rsc=13kax => [200] OK
[GET] https://guangzhougamead.oss-cn-guangzhou.aliyuncs.com/assets/1769695227253-67c1d3baed57866b.mp4 => [206] Partial Content
[GET] https://guangzhougamead.oss-cn-guangzhou.aliyuncs.com/assets/1769695236573-b5c92f6554fd4f32.mp4 => [206] Partial Content
[GET] https://guangzhougamead.oss-cn-guangzhou.aliyuncs.com/assets/1769695223932-7dbe92e38ef12036.mp4 => [206] Partial Content
[GET] https://guangzhougamead.oss-cn-guangzhou.aliyuncs.com/assets/1769695223932-7dbe92e38ef12036.mp4 => [206] Partial Content
[GET] https://guangzhougamead.oss-cn-guangzhou.aliyuncs.com/assets/1763470673283-8c7dff25f386d3ab.mp4 => [206] Partial Content
[GET] https://guangzhougamead.oss-cn-guangzhou.aliyuncs.com/assets/1763470673283-8c7dff25f386d3ab.mp4 => [206] Partial Content
[GET] https://guangzhougamead.oss-cn-guangzhou.aliyuncs.com/assets/1769695236573-b5c92f6554fd4f32.mp4 => [206] Partial Content
[GET] https://guangzhougamead.oss-cn-guangzhou.aliyuncs.com/assets/1763472391201-fac0c7b431a4c4c6.mp4 => [FAILED] net::ERR_ABORTED
[GET] https://guangzhougamead.oss-cn-guangzhou.aliyuncs.com/assets/1763471780308-fb552789f7224c44.mp4 => [206] Partial Content
[GET] https://guangzhougamead.oss-cn-guangzhou.aliyuncs.com/assets/1763470719731-91d011c60508651e.mp4 => [206] Partial Content
[GET] https://guangzhougamead.oss-cn-guangzhou.aliyuncs.com/assets/1763471758092-f7486765f62cebf0.mp4 => [FAILED] net::ERR_ABORTED
[GET] https://guangzhougamead.oss-cn-guangzhou.aliyuncs.com/assets/1763471767605-15697d3fbf8a92c9.mp4 => [206] Partial Content
[GET] https://guangzhougamead.oss-cn-guangzhou.aliyuncs.com/assets/1763472348377-1229d2804f076e87.mp4 => [206] Partial Content
[GET] https://guangzhougamead.oss-cn-guangzhou.aliyuncs.com/assets/1763470686784-5b6417d54292e686.mp4 => [206] Partial Content
[GET] https://guangzhougamead.oss-cn-guangzhou.aliyuncs.com/assets/1769695240725-869307943e8dfe8c.mp4 => [FAILED] net::ERR_ABORTED
[GET] https://guangzhougamead.oss-cn-guangzhou.aliyuncs.com/assets/1769695233916-5b765dae0182994b.mp4 => [FAILED] net::ERR_ABORTED
[GET] https://guangzhougamead.oss-cn-guangzhou.aliyuncs.com/assets/1769695227253-67c1d3baed57866b.mp4 => [206] Partial Content
[GET] https://guangzhougamead.oss-cn-guangzhou.aliyuncs.com/assets/1763472391201-fac0c7b431a4c4c6.mp4 => [206] Partial Content
[GET] https://guangzhougamead.oss-cn-guangzhou.aliyuncs.com/assets/1763471758092-f7486765f62cebf0.mp4 => [206] Partial Content
[GET] https://guangzhougamead.oss-cn-guangzhou.aliyuncs.com/assets/1769695240725-869307943e8dfe8c.mp4 => [206] Partial Content
[GET] https://guangzhougamead.oss-cn-guangzhou.aliyuncs.com/assets/1769695233916-5b765dae0182994b.mp4 => [206] Partial Content
[GET] https://guangzhougamead.oss-cn-guangzhou.aliyuncs.com/assets/1769695229473-7453542c905d5269.mp4 => [206] Partial Content
[GET] https://guangzhougamead.oss-cn-guangzhou.aliyuncs.com/assets/1763472391201-fac0c7b431a4c4c6.mp4 => [FAILED] net::ERR_ABORTED
[GET] https://guangzhougamead.oss-cn-guangzhou.aliyuncs.com/assets/1763471758092-f7486765f62cebf0.mp4 => [FAILED] net::ERR_ABORTED
[GET] https://guangzhougamead.oss-cn-guangzhou.aliyuncs.com/assets/1769695233916-5b765dae0182994b.mp4 => [FAILED] net::ERR_ABORTED
[GET] https://guangzhougamead.oss-cn-guangzhou.aliyuncs.com/assets/1769695240725-869307943e8dfe8c.mp4 => [FAILED] net::ERR_ABORTED
[GET] https://guangzhougamead.oss-cn-guangzhou.aliyuncs.com/assets/1769695219288-78b8f84bbba95a09.mp4 => [206] Partial Content
[GET] https://guangzhougamead.oss-cn-guangzhou.aliyuncs.com/assets/1763470694013-467ae880cd73184e.mp4 => [FAILED] net::ERR_ABORTED
[GET] https://guangzhougamead.oss-cn-guangzhou.aliyuncs.com/assets/1769695215615-4d7dbc9d85570044.mp4 => [206] Partial Content
[GET] https://guangzhougamead.oss-cn-guangzhou.aliyuncs.com/assets/1769695248068-e63542fa31a16826.mp4 => [206] Partial Content
[GET] https://guangzhougamead.oss-cn-guangzhou.aliyuncs.com/assets/1769695245001-3065df883655c9ec.mp4 => [206] Partial Content
[GET] https://guangzhougamead.oss-cn-guangzhou.aliyuncs.com/assets/1763470673283-8c7dff25f386d3ab.mp4 => [206] Partial Content
[GET] https://guangzhougamead.oss-cn-guangzhou.aliyuncs.com/assets/1769695236573-b5c92f6554fd4f32.mp4 => [206] Partial Content
[GET] https://guangzhougamead.oss-cn-guangzhou.aliyuncs.com/assets/1763470673283-8c7dff25f386d3ab.mp4 => [206] Partial Content
[GET] https://guangzhougamead.oss-cn-guangzhou.aliyuncs.com/assets/1769695236573-b5c92f6554fd4f32.mp4 => [206] Partial Content
[GET] https://guangzhougamead.oss-cn-guangzhou.aliyuncs.com/assets/1769695223932-7dbe92e38ef12036.mp4 => [206] Partial Content
[GET] https://guangzhougamead.oss-cn-guangzhou.aliyuncs.com/assets/1763470694013-467ae880cd73184e.mp4 => [FAILED] net::ERR_ABORTED
[GET] https://guangzhougamead.oss-cn-guangzhou.aliyuncs.com/assets/1763470694013-467ae880cd73184e.mp4 => [206] Partial Content
[GET] https://guangzhougamead.oss-cn-guangzhou.aliyuncs.com/assets/1763472348377-1229d2804f076e87.mp4 => [206] Partial Content
[GET] https://guangzhougamead.oss-cn-guangzhou.aliyuncs.com/assets/1763472348377-1229d2804f076e87.mp4 => [206] Partial Content
[GET] https://guangzhougamead.oss-cn-guangzhou.aliyuncs.com/assets/1763471758092-f7486765f62cebf0.mp4 => [206] Partial Content
[GET] https://guangzhougamead.oss-cn-guangzhou.aliyuncs.com/assets/1763472391201-fac0c7b431a4c4c6.mp4 => [206] Partial Content
[GET] https://guangzhougamead.oss-cn-guangzhou.aliyuncs.com/assets/1769695233916-5b765dae0182994b.mp4 => [206] Partial Content
[GET] https://guangzhougamead.oss-cn-guangzhou.aliyuncs.com/assets/1769695240725-869307943e8dfe8c.mp4 => [206] Partial Content
[GET] https://guangzhougamead.oss-cn-guangzhou.aliyuncs.com/assets/1769695229473-7453542c905d5269.mp4 => [206] Partial Content
[GET] https://guangzhougamead.oss-cn-guangzhou.aliyuncs.com/assets/1769695227253-67c1d3baed57866b.mp4 => [206] Partial Content
[GET] https://guangzhougamead.oss-cn-guangzhou.aliyuncs.com/assets/1769695248068-e63542fa31a16826.mp4 => [206] Partial Content
[GET] https://guangzhougamead.oss-cn-guangzhou.aliyuncs.com/assets/1769695248068-e63542fa31a16826.mp4 => [206] Partial Content
[GET] https://guangzhougamead.oss-cn-guangzhou.aliyuncs.com/assets/1763471780308-fb552789f7224c44.mp4 => [206] Partial Content
[GET] https://guangzhougamead.oss-cn-guangzhou.aliyuncs.com/assets/1763470673283-8c7dff25f386d3ab.mp4 => [206] Partial Content
[GET] https://guangzhougamead.oss-cn-guangzhou.aliyuncs.com/assets/1769695223932-7dbe92e38ef12036.mp4 => [206] Partial Content
[GET] https://guangzhougamead.oss-cn-guangzhou.aliyuncs.com/assets/1769695236573-b5c92f6554fd4f32.mp4 => [206] Partial Content
[GET] https://guangzhougamead.oss-cn-guangzhou.aliyuncs.com/assets/1763471758092-f7486765f62cebf0.mp4 => [206] Partial Content
[GET] https://guangzhougamead.oss-cn-guangzhou.aliyuncs.com/assets/1763471758092-f7486765f62cebf0.mp4 => [206] Partial Content
[GET] https://guangzhougamead.oss-cn-guangzhou.aliyuncs.com/assets/1763472391201-fac0c7b431a4c4c6.mp4 => [206] Partial Content
[GET] https://guangzhougamead.oss-cn-guangzhou.aliyuncs.com/assets/1763472391201-fac0c7b431a4c4c6.mp4 => [206] Partial Content
[GET] https://guangzhougamead.oss-cn-guangzhou.aliyuncs.com/assets/1763470686784-5b6417d54292e686.mp4 => [206] Partial Content
[GET] https://guangzhougamead.oss-cn-guangzhou.aliyuncs.com/assets/1769695233916-5b765dae0182994b.mp4 => [206] Partial Content
[GET] https://guangzhougamead.oss-cn-guangzhou.aliyuncs.com/assets/1769695233916-5b765dae0182994b.mp4 => [206] Partial Content
[GET] https://guangzhougamead.oss-cn-guangzhou.aliyuncs.com/assets/1769695229473-7453542c905d5269.mp4 => [206] Partial Content
[GET] https://guangzhougamead.oss-cn-guangzhou.aliyuncs.com/assets/1769695229473-7453542c905d5269.mp4 => [206] Partial Content
[GET] https://guangzhougamead.oss-cn-guangzhou.aliyuncs.com/assets/1769695248068-e63542fa31a16826.mp4 => [206] Partial Content
[GET] https://guangzhougamead.oss-cn-guangzhou.aliyuncs.com/assets/1763472348377-1229d2804f076e87.mp4 => [206] Partial Content
[GET] https://guangzhougamead.oss-cn-guangzhou.aliyuncs.com/assets/1763471758092-f7486765f62cebf0.mp4 => [206] Partial Content
[GET] https://guangzhougamead.oss-cn-guangzhou.aliyuncs.com/assets/1769695245001-3065df883655c9ec.mp4 => [206] Partial Content
[GET] https://guangzhougamead.oss-cn-guangzhou.aliyuncs.com/assets/1763472391201-fac0c7b431a4c4c6.mp4 => [206] Partial Content
[GET] https://guangzhougamead.oss-cn-guangzhou.aliyuncs.com/assets/1769695223932-7dbe92e38ef12036.mp4 => [206] Partial Content
[GET] https://guangzhougamead.oss-cn-guangzhou.aliyuncs.com/assets/1769695229473-7453542c905d5269.mp4 => [206] Partial Content
[GET] https://guangzhougamead.oss-cn-guangzhou.aliyuncs.com/assets/1769695233916-5b765dae0182994b.mp4 => [206] Partial Content
[GET] https://guangzhougamead.oss-cn-guangzhou.aliyuncs.com/assets/1769695233916-5b765dae0182994b.mp4 => [206] Partial Content
[GET] https://guangzhougamead.oss-cn-guangzhou.aliyuncs.com/assets/1769695233916-5b765dae0182994b.mp4 => [206] Partial Content
[GET] https://guangzhougamead.oss-cn-guangzhou.aliyuncs.com/assets/1763471767605-15697d3fbf8a92c9.mp4 => [206] Partial Content
[GET] https://guangzhougamead.oss-cn-guangzhou.aliyuncs.com/assets/1769695240725-869307943e8dfe8c.mp4 => [206] Partial Content
[GET] https://guangzhougamead.oss-cn-guangzhou.aliyuncs.com/assets/1763470719731-91d011c60508651e.mp4 => [206] Partial Content
[PATCH] http://localhost:3001/api/me => [200] OK